




Created new evaluator with 1 worker and config: {'num_cpus': 1, 'num_cpus_per_task': 1, 'callbacks': [<deephyper.evaluator.callback.TqdmCallback object at 0x7fe272f4bdc0>], 'num_gpus': 1, 'num_gpus_per_task': 1}
Number of workers:  1
{'batch_size': 64, 'lr': 0.001, 'weight_decay': 0.001}
GPU available: True
[36m(run pid=36887)[0m 
[36m(run pid=36887)[0m {'wandb_project': 'SMA_selector', 'output_dir': 'outputs', 'slurm_output_dir': 'slurm_outputs', 'data_path': 'data', 'slurm_partition': None, 'max_time': 4320, 'num_hparams_seeds': 20, 'selector': 'mean_grp_acc_va', 'method': 'subg', 'dataset': 'SMA', 'init_seed': 0, 'hparams_seed': 0, 'eval_every_n_epochs': 4, 'arch': 'resnet18', 'n_HBO_runs': 3, 'n_eval_init_seed': 3, 'num_epochs': 5, 'batch_size': 19, 'eta': 0.1, 'lr': 0.002646657222892803, 'weight_decay': 0.006016307829589928, 'up': 20, 'T': 3, 'scheduler': False, 'new_reset': False, 'SMA': {'mode': 'classic', 'img_size': 256, 'split_seeds': [1], 'names': ['texture-dtd'], 'Ks': [2, 4, 8], 'mus': [0.1], 'methods': ['subg'], 'name': 'texture-dtd', 'K': 4, 'mu': 0.1, 'split_seed': 1}, 'config_name': 'configTime1.yaml', 'n_gpus': 1, 'IR': 0.30000000000000004, 'group': 'K=4_subg', 'group_best': 'mean_grp_acc_va_texture-dtd_K=4_subg_mu=0.1_seed=1'}
[36m(run pid=36887)[0m Method: subg
[36m(run pid=36887)[0m Metadata file does not exist. Creating it...
[36m(run pid=36887)[0m Classical mode : we keep K=4 classes and K=4 style
[36m(run pid=36887)[0m ########### CSV file ./data//metadata_texture-dtd_K=4_mu=0.1_splitseed=1.csv contains the following splits, styles and classes distribution:
[36m(run pid=36887)[0m split  style                  class     
[36m(run pid=36887)[0m 0      chinese_art            flecked       60
[36m(run pid=36887)[0m                               perforated     3
[36m(run pid=36887)[0m                               stained        5
[36m(run pid=36887)[0m                               swirly         5
[36m(run pid=36887)[0m        dawn                   flecked        6
[36m(run pid=36887)[0m                               perforated    30
[36m(run pid=36887)[0m                               stained        5
[36m(run pid=36887)[0m                               swirly         5
[36m(run pid=36887)[0m        prehistorian_painting  flecked        6
[36m(run pid=36887)[0m                               perforated     3
[36m(run pid=36887)[0m                               stained       48
[36m(run pid=36887)[0m                               swirly         5
[36m(run pid=36887)[0m        rayonism               flecked        6
[36m(run pid=36887)[0m                               perforated     3
[36m(run pid=36887)[0m                               stained        5
[36m(run pid=36887)[0m                               swirly        46
[36m(run pid=36887)[0m 1      chinese_art            flecked       24
[36m(run pid=36887)[0m                               perforated    24
[36m(run pid=36887)[0m                               stained       24
[36m(run pid=36887)[0m                               swirly        24
[36m(run pid=36887)[0m        dawn                   flecked       24
[36m(run pid=36887)[0m                               perforated    24
[36m(run pid=36887)[0m                               stained       24
[36m(run pid=36887)[0m                               swirly        24
[36m(run pid=36887)[0m        prehistorian_painting  flecked       24
[36m(run pid=36887)[0m                               perforated    24
[36m(run pid=36887)[0m                               stained       24
[36m(run pid=36887)[0m                               swirly        24
[36m(run pid=36887)[0m        rayonism               flecked       24
[36m(run pid=36887)[0m                               perforated    24
[36m(run pid=36887)[0m                               stained       24
[36m(run pid=36887)[0m                               swirly        24
[36m(run pid=36887)[0m 2      chinese_art            flecked       36
[36m(run pid=36887)[0m                               perforated    36
[36m(run pid=36887)[0m                               stained       36
[36m(run pid=36887)[0m                               swirly        36
[36m(run pid=36887)[0m        dawn                   flecked       36
[36m(run pid=36887)[0m                               perforated    36
[36m(run pid=36887)[0m                               stained       36
[36m(run pid=36887)[0m                               swirly        36
[36m(run pid=36887)[0m        prehistorian_painting  flecked       36
[36m(run pid=36887)[0m                               perforated    36
[36m(run pid=36887)[0m                               stained       36
[36m(run pid=36887)[0m                               swirly        36
[36m(run pid=36887)[0m        rayonism               flecked       36
[36m(run pid=36887)[0m                               perforated    36
[36m(run pid=36887)[0m                               stained       36
[36m(run pid=36887)[0m                               swirly        36
[36m(run pid=36887)[0m dtype: int64

[36m(run pid=36887)[0m 














tensor(0.7813, device='cuda:0', grad_fn=<MeanBackward0>)
tensor(2.8535, device='cuda:0', grad_fn=<MeanBackward0>)

tensor(0.7813, device='cuda:0', grad_fn=<MeanBackward0>)
tensor(2.8535, device='cuda:0', grad_fn=<MeanBackward0>)
tensor(0.7576, device='cuda:0', grad_fn=<MeanBackward0>)
tensor(2.7823, device='cuda:0', grad_fn=<MeanBackward0>)
tensor(0.7783, device='cuda:0', grad_fn=<MeanBackward0>)
tensor(2.7726, device='cuda:0', grad_fn=<MeanBackward0>)
tensor(0.5170, device='cuda:0', grad_fn=<MeanBackward0>)
tensor(2.3768, device='cuda:0', grad_fn=<MeanBackward0>)
tensor(0.5381, device='cuda:0', grad_fn=<MeanBackward0>)
tensor(2.7166, device='cuda:0', grad_fn=<MeanBackward0>)
tensor(0.5790, device='cuda:0', grad_fn=<MeanBackward0>)
tensor(2.7660, device='cuda:0', grad_fn=<MeanBackward0>)
tensor(0.4372, device='cuda:0', grad_fn=<MeanBackward0>)
tensor(2.7046, device='cuda:0', grad_fn=<MeanBackward0>)
tensor(0.2963, device='cuda:0', grad_fn=<MeanBackward0>)
tensor(2.1694, device='cuda:0', grad_fn=<MeanBackward0>)
tensor(0.4016, device='cuda:0', grad_fn=<MeanBackward0>)
tensor(2.7421, device='cuda:0', grad_fn=<MeanBackward0>)
tensor(0.2795, device='cuda:0', grad_fn=<MeanBackward0>)
tensor(2.6632, device='cuda:0', grad_fn=<MeanBackward0>)
tensor(0.2338, device='cuda:0', grad_fn=<MeanBackward0>)
tensor(2.7341, device='cuda:0', grad_fn=<MeanBackward0>)
tensor(0.2498, device='cuda:0', grad_fn=<MeanBackward0>)
tensor(2.0399, device='cuda:0', grad_fn=<MeanBackward0>)
tensor(0.1835, device='cuda:0', grad_fn=<MeanBackward0>)
tensor(2.5782, device='cuda:0', grad_fn=<MeanBackward0>)
tensor(0.1405, device='cuda:0', grad_fn=<MeanBackward0>)
tensor(2.5325, device='cuda:0', grad_fn=<MeanBackward0>)
tensor(0.1116, device='cuda:0', grad_fn=<MeanBackward0>)
tensor(2.6040, device='cuda:0', grad_fn=<MeanBackward0>)
tensor(0.1551, device='cuda:0', grad_fn=<MeanBackward0>)
tensor(2.0457, device='cuda:0', grad_fn=<MeanBackward0>)
tensor(0.0939, device='cuda:0', grad_fn=<MeanBackward0>)
tensor(2.5134, device='cuda:0', grad_fn=<MeanBackward0>)
tensor(0.1339, device='cuda:0', grad_fn=<MeanBackward0>)
tensor(2.8400, device='cuda:0', grad_fn=<MeanBackward0>)
tensor(0.0624, device='cuda:0', grad_fn=<MeanBackward0>)
tensor(2.5517, device='cuda:0', grad_fn=<MeanBackward0>)
tensor(0.3514, device='cuda:0', grad_fn=<MeanBackward0>)
tensor(1.9868, device='cuda:0', grad_fn=<MeanBackward0>)
tensor(0.1102, device='cuda:0', grad_fn=<MeanBackward0>)
tensor(2.4223, device='cuda:0', grad_fn=<MeanBackward0>)
tensor(0.0482, device='cuda:0', grad_fn=<MeanBackward0>)
tensor(2.4832, device='cuda:0', grad_fn=<MeanBackward0>)
tensor(0.0535, device='cuda:0', grad_fn=<MeanBackward0>)
tensor(2.3839, device='cuda:0', grad_fn=<MeanBackward0>)
tensor(0.0910, device='cuda:0', grad_fn=<MeanBackward0>)
tensor(2.3027, device='cuda:0', grad_fn=<MeanBackward0>)
tensor(0.0320, device='cuda:0', grad_fn=<MeanBackward0>)
tensor(2.4374, device='cuda:0', grad_fn=<MeanBackward0>)
tensor(0.0710, device='cuda:0', grad_fn=<MeanBackward0>)
tensor(2.5759, device='cuda:0', grad_fn=<MeanBackward0>)
tensor(0.0538, device='cuda:0', grad_fn=<MeanBackward0>)
tensor(2.3611, device='cuda:0', grad_fn=<MeanBackward0>)
tensor(0.0430, device='cuda:0', grad_fn=<MeanBackward0>)
tensor(1.7292, device='cuda:0', grad_fn=<MeanBackward0>)
tensor(0.0610, device='cuda:0', grad_fn=<MeanBackward0>)
tensor(2.4254, device='cuda:0', grad_fn=<MeanBackward0>)
tensor(0.0862, device='cuda:0', grad_fn=<MeanBackward0>)
tensor(2.3821, device='cuda:0', grad_fn=<MeanBackward0>)
tensor(0.0321, device='cuda:0', grad_fn=<MeanBackward0>)
tensor(2.4177, device='cuda:0', grad_fn=<MeanBackward0>)
tensor(0.0178, device='cuda:0', grad_fn=<MeanBackward0>)
tensor(1.7005, device='cuda:0', grad_fn=<MeanBackward0>)
tensor(0.0295, device='cuda:0', grad_fn=<MeanBackward0>)
tensor(2.3429, device='cuda:0', grad_fn=<MeanBackward0>)
tensor(0.0279, device='cuda:0', grad_fn=<MeanBackward0>)
tensor(2.3467, device='cuda:0', grad_fn=<MeanBackward0>)
tensor(0.0395, device='cuda:0', grad_fn=<MeanBackward0>)
tensor(2.4464, device='cuda:0', grad_fn=<MeanBackward0>)
tensor(0.0179, device='cuda:0', grad_fn=<MeanBackward0>)
tensor(1.7171, device='cuda:0', grad_fn=<MeanBackward0>)
tensor(0.0197, device='cuda:0', grad_fn=<MeanBackward0>)
tensor(2.3305, device='cuda:0', grad_fn=<MeanBackward0>)
tensor(0.0239, device='cuda:0', grad_fn=<MeanBackward0>)
tensor(2.2785, device='cuda:0', grad_fn=<MeanBackward0>)
tensor(0.0177, device='cuda:0', grad_fn=<MeanBackward0>)
tensor(2.3695, device='cuda:0', grad_fn=<MeanBackward0>)
tensor(0.0540, device='cuda:0', grad_fn=<MeanBackward0>)
tensor(2.2276, device='cuda:0', grad_fn=<MeanBackward0>)

tensor(0.7813, device='cuda:0', grad_fn=<MeanBackward0>)
tensor(2.8535, device='cuda:0', grad_fn=<MeanBackward0>)
tensor(0.6945, device='cuda:0', grad_fn=<MeanBackward0>)
tensor(2.7709, device='cuda:0', grad_fn=<MeanBackward0>)
tensor(0.6080, device='cuda:0', grad_fn=<MeanBackward0>)
tensor(2.7767, device='cuda:0', grad_fn=<MeanBackward0>)
tensor(0.2881, device='cuda:0', grad_fn=<MeanBackward0>)
tensor(2.3363, device='cuda:0', grad_fn=<MeanBackward0>)
tensor(0.1783, device='cuda:0', grad_fn=<MeanBackward0>)
tensor(2.5582, device='cuda:0', grad_fn=<MeanBackward0>)
tensor(0.1868, device='cuda:0', grad_fn=<MeanBackward0>)
tensor(2.6122, device='cuda:0', grad_fn=<MeanBackward0>)
tensor(0.1092, device='cuda:0', grad_fn=<MeanBackward0>)
tensor(2.6007, device='cuda:0', grad_fn=<MeanBackward0>)
tensor(0.0352, device='cuda:0', grad_fn=<MeanBackward0>)
tensor(1.9514, device='cuda:0', grad_fn=<MeanBackward0>)
tensor(0.0568, device='cuda:0', grad_fn=<MeanBackward0>)
tensor(2.4958, device='cuda:0', grad_fn=<MeanBackward0>)
tensor(0.0553, device='cuda:0', grad_fn=<MeanBackward0>)
tensor(2.6030, device='cuda:0', grad_fn=<MeanBackward0>)
tensor(0.0475, device='cuda:0', grad_fn=<MeanBackward0>)
tensor(2.3791, device='cuda:0', grad_fn=<MeanBackward0>)
tensor(0.0542, device='cuda:0', grad_fn=<MeanBackward0>)
tensor(1.7895, device='cuda:0', grad_fn=<MeanBackward0>)
tensor(0.0152, device='cuda:0', grad_fn=<MeanBackward0>)
tensor(2.2758, device='cuda:0', grad_fn=<MeanBackward0>)
tensor(0.0044, device='cuda:0', grad_fn=<MeanBackward0>)
tensor(2.3728, device='cuda:0', grad_fn=<MeanBackward0>)
tensor(0.0063, device='cuda:0', grad_fn=<MeanBackward0>)
tensor(2.3083, device='cuda:0', grad_fn=<MeanBackward0>)
tensor(0.0057, device='cuda:0', grad_fn=<MeanBackward0>)
tensor(1.6325, device='cuda:0', grad_fn=<MeanBackward0>)
tensor(0.0030, device='cuda:0', grad_fn=<MeanBackward0>)
tensor(2.2536, device='cuda:0', grad_fn=<MeanBackward0>)
tensor(0.0310, device='cuda:0', grad_fn=<MeanBackward0>)
tensor(2.7942, device='cuda:0', grad_fn=<MeanBackward0>)
tensor(0.0017, device='cuda:0', grad_fn=<MeanBackward0>)
tensor(2.3111, device='cuda:0', grad_fn=<MeanBackward0>)
tensor(0.1600, device='cuda:0', grad_fn=<MeanBackward0>)
tensor(1.8085, device='cuda:0', grad_fn=<MeanBackward0>)
tensor(0.0078, device='cuda:0', grad_fn=<MeanBackward0>)
tensor(2.2663, device='cuda:0', grad_fn=<MeanBackward0>)
tensor(0.0045, device='cuda:0', grad_fn=<MeanBackward0>)
tensor(2.3579, device='cuda:0', grad_fn=<MeanBackward0>)
tensor(0.0031, device='cuda:0', grad_fn=<MeanBackward0>)
tensor(2.2097, device='cuda:0', grad_fn=<MeanBackward0>)
tensor(0.0243, device='cuda:0', grad_fn=<MeanBackward0>)
tensor(2.2784, device='cuda:0', grad_fn=<MeanBackward0>)
tensor(0.0016, device='cuda:0', grad_fn=<MeanBackward0>)
tensor(2.2733, device='cuda:0', grad_fn=<MeanBackward0>)
tensor(0.0054, device='cuda:0', grad_fn=<MeanBackward0>)
tensor(2.3680, device='cuda:0', grad_fn=<MeanBackward0>)
tensor(0.0038, device='cuda:0', grad_fn=<MeanBackward0>)
tensor(2.1653, device='cuda:0', grad_fn=<MeanBackward0>)
tensor(0.0010, device='cuda:0', grad_fn=<MeanBackward0>)
tensor(1.6083, device='cuda:0', grad_fn=<MeanBackward0>)
tensor(0.0030, device='cuda:0', grad_fn=<MeanBackward0>)
tensor(2.3825, device='cuda:0', grad_fn=<MeanBackward0>)
tensor(0.0213, device='cuda:0', grad_fn=<MeanBackward0>)
tensor(2.2064, device='cuda:0', grad_fn=<MeanBackward0>)
tensor(0.0024, device='cuda:0', grad_fn=<MeanBackward0>)
tensor(2.3564, device='cuda:0', grad_fn=<MeanBackward0>)
tensor(0.0006, device='cuda:0', grad_fn=<MeanBackward0>)
tensor(1.5419, device='cuda:0', grad_fn=<MeanBackward0>)
tensor(0.0007, device='cuda:0', grad_fn=<MeanBackward0>)
tensor(2.1748, device='cuda:0', grad_fn=<MeanBackward0>)
tensor(0.0011, device='cuda:0', grad_fn=<MeanBackward0>)
tensor(2.1653, device='cuda:0', grad_fn=<MeanBackward0>)
tensor(0.0080, device='cuda:0', grad_fn=<MeanBackward0>)
tensor(2.3997, device='cuda:0', grad_fn=<MeanBackward0>)
tensor(0.0002, device='cuda:0', grad_fn=<MeanBackward0>)
tensor(1.5618, device='cuda:0', grad_fn=<MeanBackward0>)
tensor(0.0013, device='cuda:0', grad_fn=<MeanBackward0>)
tensor(2.2074, device='cuda:0', grad_fn=<MeanBackward0>)
tensor(0.0006, device='cuda:0', grad_fn=<MeanBackward0>)
tensor(2.2117, device='cuda:0', grad_fn=<MeanBackward0>)
tensor(0.0010, device='cuda:0', grad_fn=<MeanBackward0>)
tensor(2.2164, device='cuda:0', grad_fn=<MeanBackward0>)
tensor(0.0062, device='cuda:0', grad_fn=<MeanBackward0>)
tensor(2.2931, device='cuda:0', grad_fn=<MeanBackward0>)

tensor(0.7813, device='cuda:0', grad_fn=<MeanBackward0>)
tensor(2.8535, device='cuda:0', grad_fn=<MeanBackward0>)
tensor(0.7555, device='cuda:0', grad_fn=<MeanBackward0>)
tensor(2.7820, device='cuda:0', grad_fn=<MeanBackward0>)
tensor(0.7721, device='cuda:0', grad_fn=<MeanBackward0>)
tensor(2.7728, device='cuda:0', grad_fn=<MeanBackward0>)
tensor(0.5055, device='cuda:0', grad_fn=<MeanBackward0>)
tensor(2.3751, device='cuda:0', grad_fn=<MeanBackward0>)
tensor(0.5158, device='cuda:0', grad_fn=<MeanBackward0>)
tensor(2.7107, device='cuda:0', grad_fn=<MeanBackward0>)
tensor(0.5497, device='cuda:0', grad_fn=<MeanBackward0>)
tensor(2.7578, device='cuda:0', grad_fn=<MeanBackward0>)
tensor(0.4134, device='cuda:0', grad_fn=<MeanBackward0>)
tensor(2.7004, device='cuda:0', grad_fn=<MeanBackward0>)
tensor(0.2646, device='cuda:0', grad_fn=<MeanBackward0>)
tensor(2.1670, device='cuda:0', grad_fn=<MeanBackward0>)
tensor(0.3614, device='cuda:0', grad_fn=<MeanBackward0>)
tensor(2.7272, device='cuda:0', grad_fn=<MeanBackward0>)
tensor(0.2420, device='cuda:0', grad_fn=<MeanBackward0>)
tensor(2.6481, device='cuda:0', grad_fn=<MeanBackward0>)
tensor(0.2073, device='cuda:0', grad_fn=<MeanBackward0>)
tensor(2.7137, device='cuda:0', grad_fn=<MeanBackward0>)
tensor(0.2285, device='cuda:0', grad_fn=<MeanBackward0>)
tensor(2.0321, device='cuda:0', grad_fn=<MeanBackward0>)
tensor(0.1593, device='cuda:0', grad_fn=<MeanBackward0>)
tensor(2.5496, device='cuda:0', grad_fn=<MeanBackward0>)
tensor(0.1111, device='cuda:0', grad_fn=<MeanBackward0>)
tensor(2.5080, device='cuda:0', grad_fn=<MeanBackward0>)
tensor(0.0934, device='cuda:0', grad_fn=<MeanBackward0>)
tensor(2.5771, device='cuda:0', grad_fn=<MeanBackward0>)
tensor(0.1363, device='cuda:0', grad_fn=<MeanBackward0>)
tensor(2.0304, device='cuda:0', grad_fn=<MeanBackward0>)
tensor(0.0769, device='cuda:0', grad_fn=<MeanBackward0>)
tensor(2.4870, device='cuda:0', grad_fn=<MeanBackward0>)
tensor(0.1175, device='cuda:0', grad_fn=<MeanBackward0>)
tensor(2.8362, device='cuda:0', grad_fn=<MeanBackward0>)
tensor(0.0523, device='cuda:0', grad_fn=<MeanBackward0>)
tensor(2.5290, device='cuda:0', grad_fn=<MeanBackward0>)
tensor(0.3235, device='cuda:0', grad_fn=<MeanBackward0>)
tensor(1.9603, device='cuda:0', grad_fn=<MeanBackward0>)
tensor(0.0910, device='cuda:0', grad_fn=<MeanBackward0>)
tensor(2.3996, device='cuda:0', grad_fn=<MeanBackward0>)
tensor(0.0411, device='cuda:0', grad_fn=<MeanBackward0>)
tensor(2.4631, device='cuda:0', grad_fn=<MeanBackward0>)
tensor(0.0413, device='cuda:0', grad_fn=<MeanBackward0>)
tensor(2.3577, device='cuda:0', grad_fn=<MeanBackward0>)
tensor(0.0809, device='cuda:0', grad_fn=<MeanBackward0>)
tensor(2.2960, device='cuda:0', grad_fn=<MeanBackward0>)
tensor(0.0280, device='cuda:0', grad_fn=<MeanBackward0>)
tensor(2.4275, device='cuda:0', grad_fn=<MeanBackward0>)
tensor(0.0637, device='cuda:0', grad_fn=<MeanBackward0>)
tensor(2.5518, device='cuda:0', grad_fn=<MeanBackward0>)
tensor(0.0417, device='cuda:0', grad_fn=<MeanBackward0>)
tensor(2.3397, device='cuda:0', grad_fn=<MeanBackward0>)
tensor(0.0353, device='cuda:0', grad_fn=<MeanBackward0>)
tensor(1.7150, device='cuda:0', grad_fn=<MeanBackward0>)
tensor(0.0510, device='cuda:0', grad_fn=<MeanBackward0>)
tensor(2.4164, device='cuda:0', grad_fn=<MeanBackward0>)
tensor(0.0644, device='cuda:0', grad_fn=<MeanBackward0>)
tensor(2.3484, device='cuda:0', grad_fn=<MeanBackward0>)
tensor(0.0266, device='cuda:0', grad_fn=<MeanBackward0>)
tensor(2.4020, device='cuda:0', grad_fn=<MeanBackward0>)
tensor(0.0136, device='cuda:0', grad_fn=<MeanBackward0>)
tensor(1.6884, device='cuda:0', grad_fn=<MeanBackward0>)
tensor(0.0243, device='cuda:0', grad_fn=<MeanBackward0>)
tensor(2.3132, device='cuda:0', grad_fn=<MeanBackward0>)
tensor(0.0212, device='cuda:0', grad_fn=<MeanBackward0>)
tensor(2.3259, device='cuda:0', grad_fn=<MeanBackward0>)
tensor(0.0347, device='cuda:0', grad_fn=<MeanBackward0>)
tensor(2.4349, device='cuda:0', grad_fn=<MeanBackward0>)
tensor(0.0121, device='cuda:0', grad_fn=<MeanBackward0>)
tensor(1.6918, device='cuda:0', grad_fn=<MeanBackward0>)
tensor(0.0145, device='cuda:0', grad_fn=<MeanBackward0>)
tensor(2.3017, device='cuda:0', grad_fn=<MeanBackward0>)
tensor(0.0193, device='cuda:0', grad_fn=<MeanBackward0>)
tensor(2.2678, device='cuda:0', grad_fn=<MeanBackward0>)
tensor(0.0130, device='cuda:0', grad_fn=<MeanBackward0>)
tensor(2.3604, device='cuda:0', grad_fn=<MeanBackward0>)
tensor(0.0511, device='cuda:0', grad_fn=<MeanBackward0>)
tensor(2.2266, device='cuda:0', grad_fn=<MeanBackward0>)

tensor(0.7813, device='cuda:0', grad_fn=<MeanBackward0>)
tensor(2.8535, device='cuda:0', grad_fn=<MeanBackward0>)
tensor(0.6945, device='cuda:0', grad_fn=<MeanBackward0>)
tensor(2.7709, device='cuda:0', grad_fn=<MeanBackward0>)
tensor(0.6080, device='cuda:0', grad_fn=<MeanBackward0>)
tensor(2.7767, device='cuda:0', grad_fn=<MeanBackward0>)
tensor(0.2881, device='cuda:0', grad_fn=<MeanBackward0>)
tensor(2.3363, device='cuda:0', grad_fn=<MeanBackward0>)
tensor(0.1783, device='cuda:0', grad_fn=<MeanBackward0>)
tensor(2.5582, device='cuda:0', grad_fn=<MeanBackward0>)
tensor(0.1868, device='cuda:0', grad_fn=<MeanBackward0>)
tensor(2.6122, device='cuda:0', grad_fn=<MeanBackward0>)
tensor(0.1092, device='cuda:0', grad_fn=<MeanBackward0>)
tensor(2.6007, device='cuda:0', grad_fn=<MeanBackward0>)
tensor(0.0352, device='cuda:0', grad_fn=<MeanBackward0>)
tensor(1.9514, device='cuda:0', grad_fn=<MeanBackward0>)
tensor(0.0568, device='cuda:0', grad_fn=<MeanBackward0>)
tensor(2.4958, device='cuda:0', grad_fn=<MeanBackward0>)
tensor(0.0553, device='cuda:0', grad_fn=<MeanBackward0>)
tensor(2.6030, device='cuda:0', grad_fn=<MeanBackward0>)
tensor(0.0474, device='cuda:0', grad_fn=<MeanBackward0>)
tensor(2.3790, device='cuda:0', grad_fn=<MeanBackward0>)
tensor(0.0543, device='cuda:0', grad_fn=<MeanBackward0>)
tensor(1.7896, device='cuda:0', grad_fn=<MeanBackward0>)
tensor(0.0151, device='cuda:0', grad_fn=<MeanBackward0>)
tensor(2.2760, device='cuda:0', grad_fn=<MeanBackward0>)
tensor(0.0044, device='cuda:0', grad_fn=<MeanBackward0>)
tensor(2.3724, device='cuda:0', grad_fn=<MeanBackward0>)
tensor(0.0063, device='cuda:0', grad_fn=<MeanBackward0>)
tensor(2.3086, device='cuda:0', grad_fn=<MeanBackward0>)
tensor(0.0057, device='cuda:0', grad_fn=<MeanBackward0>)
tensor(1.6323, device='cuda:0', grad_fn=<MeanBackward0>)
tensor(0.0030, device='cuda:0', grad_fn=<MeanBackward0>)
tensor(2.2540, device='cuda:0', grad_fn=<MeanBackward0>)
tensor(0.0314, device='cuda:0', grad_fn=<MeanBackward0>)
tensor(2.7931, device='cuda:0', grad_fn=<MeanBackward0>)
tensor(0.0017, device='cuda:0', grad_fn=<MeanBackward0>)
tensor(2.3125, device='cuda:0', grad_fn=<MeanBackward0>)
tensor(0.1585, device='cuda:0', grad_fn=<MeanBackward0>)
tensor(1.8063, device='cuda:0', grad_fn=<MeanBackward0>)
tensor(0.0081, device='cuda:0', grad_fn=<MeanBackward0>)
tensor(2.2651, device='cuda:0', grad_fn=<MeanBackward0>)
tensor(0.0045, device='cuda:0', grad_fn=<MeanBackward0>)
tensor(2.3550, device='cuda:0', grad_fn=<MeanBackward0>)
tensor(0.0032, device='cuda:0', grad_fn=<MeanBackward0>)
tensor(2.2126, device='cuda:0', grad_fn=<MeanBackward0>)
tensor(0.0231, device='cuda:0', grad_fn=<MeanBackward0>)
tensor(2.2779, device='cuda:0', grad_fn=<MeanBackward0>)
tensor(0.0017, device='cuda:0', grad_fn=<MeanBackward0>)
tensor(2.2769, device='cuda:0', grad_fn=<MeanBackward0>)
tensor(0.0053, device='cuda:0', grad_fn=<MeanBackward0>)
tensor(2.3673, device='cuda:0', grad_fn=<MeanBackward0>)
tensor(0.0044, device='cuda:0', grad_fn=<MeanBackward0>)
tensor(2.1671, device='cuda:0', grad_fn=<MeanBackward0>)
tensor(0.0010, device='cuda:0', grad_fn=<MeanBackward0>)
tensor(1.6030, device='cuda:0', grad_fn=<MeanBackward0>)
tensor(0.0032, device='cuda:0', grad_fn=<MeanBackward0>)
tensor(2.3824, device='cuda:0', grad_fn=<MeanBackward0>)
tensor(0.0225, device='cuda:0', grad_fn=<MeanBackward0>)
tensor(2.2137, device='cuda:0', grad_fn=<MeanBackward0>)
tensor(0.0025, device='cuda:0', grad_fn=<MeanBackward0>)
tensor(2.3463, device='cuda:0', grad_fn=<MeanBackward0>)
tensor(0.0006, device='cuda:0', grad_fn=<MeanBackward0>)
tensor(1.5459, device='cuda:0', grad_fn=<MeanBackward0>)
tensor(0.0008, device='cuda:0', grad_fn=<MeanBackward0>)
tensor(2.1761, device='cuda:0', grad_fn=<MeanBackward0>)
tensor(0.0012, device='cuda:0', grad_fn=<MeanBackward0>)
tensor(2.1607, device='cuda:0', grad_fn=<MeanBackward0>)
tensor(0.0083, device='cuda:0', grad_fn=<MeanBackward0>)
tensor(2.4059, device='cuda:0', grad_fn=<MeanBackward0>)
tensor(0.0003, device='cuda:0', grad_fn=<MeanBackward0>)
tensor(1.5656, device='cuda:0', grad_fn=<MeanBackward0>)
tensor(0.0014, device='cuda:0', grad_fn=<MeanBackward0>)
tensor(2.1996, device='cuda:0', grad_fn=<MeanBackward0>)
tensor(0.0006, device='cuda:0', grad_fn=<MeanBackward0>)
tensor(2.2220, device='cuda:0', grad_fn=<MeanBackward0>)
tensor(0.0011, device='cuda:0', grad_fn=<MeanBackward0>)
tensor(2.2180, device='cuda:0', grad_fn=<MeanBackward0>)
tensor(0.0061, device='cuda:0', grad_fn=<MeanBackward0>)
tensor(2.3019, device='cuda:0', grad_fn=<MeanBackward0>)









Created new evaluator with 1 worker and config: {'num_cpus': 1, 'num_cpus_per_task': 1, 'callbacks': [<deephyper.evaluator.callback.TqdmCallback object at 0x7fdf57535310>], 'num_gpus': 1, 'num_gpus_per_task': 1}
Number of workers:  1
{'lr': 0.001}
GPU available: True
[36m(run pid=96745)[0m 
[36m(run pid=96745)[0m {'wandb_project': 'SMA_cl', 'output_dir': 'outputs', 'slurm_output_dir': 'slurm_outputs', 'data_path': 'data', 'slurm_partition': None, 'max_time': 4320, 'num_hparams_seeds': 20, 'selector': 'mean_grp_acc_va', 'method': 'erm', 'dataset': 'SMA', 'init_seed': 0, 'hparams_seed': 0, 'eval_every_n_epochs': 3, 'arch': 'resnet18', 'n_HBO_runs': 3, 'n_eval_init_seed': 1, 'num_epochs': 17, 'batch_size': 16, 'eta': 0.1, 'lr': 0.0004974556006241091, 'weight_decay': 0.001, 'up': 20, 'T': 3, 'scheduler': False, 'new_reset': False, 'cl_modes': ['bce', 'bce+supcon'], 'alphas': [0, 0.1, 0.2, 0.5, 0.9, 0.95, 1], 'SMA': {'mode': 'classic', 'img_size': 64, 'split_seeds': [0], 'names': ['medical-leaf'], 'Ks': [4], 'mus': [0.05], 'methods': ['erm'], 'name': 'medical-leaf', 'K': 4, 'mu': 0.05, 'split_seed': 0}, 'config_name': 'config_local.yaml', 'n_gpus': 1, 'cl_mode': 'bce', 'alpha': 0.1, 'IR': 0.15000000000000002, 'group': 'K=4_erm', 'group_best': 'medical-leaf_K=4_erm_mu=0.05_seed=0'}
[36m(run pid=96745)[0m Method: erm
