

{'wandb_project': 'SMA_selector', 'output_dir': 'outputs', 'slurm_output_dir': 'slurm_outputs', 'data_path': 'data', 'slurm_partition': None, 'max_time': 4320, 'num_hparams_seeds': 20, 'selector': 'mean_grp_acc_va', 'method': 'subg', 'dataset': 'SMA', 'init_seed': 0, 'hparams_seed': 0, 'eval_every_n_epochs': 4, 'arch': 'resnet18', 'n_HBO_runs': 3, 'n_eval_init_seed': 3, 'num_epochs': 5, 'batch_size': 19.0, 'eta': 0.1, 'lr': 0.0026466572228928, 'weight_decay': 0.0060163078295899, 'up': 20, 'T': 3, 'scheduler': False, 'new_reset': False, 'SMA': {'mode': 'classic', 'img_size': 256, 'split_seeds': [1], 'names': ['texture-dtd'], 'Ks': [2, 4, 8], 'mus': [0.1], 'methods': ['subg'], 'name': 'texture-dtd', 'K': 2, 'mu': 0.1, 'split_seed': 1}, 'config_name': 'configTime1.yaml', 'n_gpus': 1, 'IR': 0.1, 'group': 'K=2_subg', 'group_best': 'mean_grp_acc_va_texture-dtd_K=2_subg_mu=0.1_seed=1'}
Method: subg

Created new evaluator with 1 worker and config: {'num_cpus': 1, 'num_cpus_per_task': 1, 'callbacks': [<deephyper.evaluator.callback.TqdmCallback object at 0x7fe272f4bdc0>], 'num_gpus': 1, 'num_gpus_per_task': 1}
Number of workers:  1
{'batch_size': 64, 'lr': 0.001, 'weight_decay': 0.001}
GPU available: True
[36m(run pid=36887)[0m 
[36m(run pid=36887)[0m {'wandb_project': 'SMA_selector', 'output_dir': 'outputs', 'slurm_output_dir': 'slurm_outputs', 'data_path': 'data', 'slurm_partition': None, 'max_time': 4320, 'num_hparams_seeds': 20, 'selector': 'mean_grp_acc_va', 'method': 'subg', 'dataset': 'SMA', 'init_seed': 0, 'hparams_seed': 0, 'eval_every_n_epochs': 4, 'arch': 'resnet18', 'n_HBO_runs': 3, 'n_eval_init_seed': 3, 'num_epochs': 5, 'batch_size': 19, 'eta': 0.1, 'lr': 0.002646657222892803, 'weight_decay': 0.006016307829589928, 'up': 20, 'T': 3, 'scheduler': False, 'new_reset': False, 'SMA': {'mode': 'classic', 'img_size': 256, 'split_seeds': [1], 'names': ['texture-dtd'], 'Ks': [2, 4, 8], 'mus': [0.1], 'methods': ['subg'], 'name': 'texture-dtd', 'K': 4, 'mu': 0.1, 'split_seed': 1}, 'config_name': 'configTime1.yaml', 'n_gpus': 1, 'IR': 0.30000000000000004, 'group': 'K=4_subg', 'group_best': 'mean_grp_acc_va_texture-dtd_K=4_subg_mu=0.1_seed=1'}
[36m(run pid=36887)[0m Method: subg
[36m(run pid=36887)[0m Metadata file does not exist. Creating it...
[36m(run pid=36887)[0m Classical mode : we keep K=4 classes and K=4 style
[36m(run pid=36887)[0m ########### CSV file ./data//metadata_texture-dtd_K=4_mu=0.1_splitseed=1.csv contains the following splits, styles and classes distribution:
[36m(run pid=36887)[0m split  style                  class     
[36m(run pid=36887)[0m 0      chinese_art            flecked       60
[36m(run pid=36887)[0m                               perforated     3
[36m(run pid=36887)[0m                               stained        5
[36m(run pid=36887)[0m                               swirly         5
[36m(run pid=36887)[0m        dawn                   flecked        6
[36m(run pid=36887)[0m                               perforated    30
[36m(run pid=36887)[0m                               stained        5
[36m(run pid=36887)[0m                               swirly         5
[36m(run pid=36887)[0m        prehistorian_painting  flecked        6
[36m(run pid=36887)[0m                               perforated     3
[36m(run pid=36887)[0m                               stained       48
[36m(run pid=36887)[0m                               swirly         5
[36m(run pid=36887)[0m        rayonism               flecked        6
[36m(run pid=36887)[0m                               perforated     3
[36m(run pid=36887)[0m                               stained        5
[36m(run pid=36887)[0m                               swirly        46
[36m(run pid=36887)[0m 1      chinese_art            flecked       24
[36m(run pid=36887)[0m                               perforated    24
[36m(run pid=36887)[0m                               stained       24
[36m(run pid=36887)[0m                               swirly        24
[36m(run pid=36887)[0m        dawn                   flecked       24
[36m(run pid=36887)[0m                               perforated    24
[36m(run pid=36887)[0m                               stained       24
[36m(run pid=36887)[0m                               swirly        24
[36m(run pid=36887)[0m        prehistorian_painting  flecked       24
[36m(run pid=36887)[0m                               perforated    24
[36m(run pid=36887)[0m                               stained       24
[36m(run pid=36887)[0m                               swirly        24
[36m(run pid=36887)[0m        rayonism               flecked       24
[36m(run pid=36887)[0m                               perforated    24
[36m(run pid=36887)[0m                               stained       24
[36m(run pid=36887)[0m                               swirly        24
[36m(run pid=36887)[0m 2      chinese_art            flecked       36
[36m(run pid=36887)[0m                               perforated    36
[36m(run pid=36887)[0m                               stained       36
[36m(run pid=36887)[0m                               swirly        36
[36m(run pid=36887)[0m        dawn                   flecked       36
[36m(run pid=36887)[0m                               perforated    36
[36m(run pid=36887)[0m                               stained       36
[36m(run pid=36887)[0m                               swirly        36
[36m(run pid=36887)[0m        prehistorian_painting  flecked       36
[36m(run pid=36887)[0m                               perforated    36
[36m(run pid=36887)[0m                               stained       36
[36m(run pid=36887)[0m                               swirly        36
[36m(run pid=36887)[0m        rayonism               flecked       36
[36m(run pid=36887)[0m                               perforated    36
[36m(run pid=36887)[0m                               stained       36
[36m(run pid=36887)[0m                               swirly        36
[36m(run pid=36887)[0m dtype: int64
[36m(run pid=36887)[0m 
